0 info it worked if it ends with ok
1 verbose cli [ 'G:\\install\\nodejs\\node.exe',
1 verbose cli   'F:\\Users\\cjh1\\AppData\\Roaming\\npm\\node_modules\\cnpm\\node_modules\\npm\\bin\\npm-cli.js',
1 verbose cli   '--userconfig=F:\\Users\\cjh1\\.cnpmrc',
1 verbose cli   '--disturl=https://npm.taobao.org/mirrors/node',
1 verbose cli   '--registry=https://registry.npm.taobao.org',
1 verbose cli   'run',
1 verbose cli   'dev' ]
2 info using npm@3.10.10
3 info using node@v8.1.2
4 verbose run-script [ 'predev', 'dev', 'postdev' ]
5 info lifecycle visitation@1.0.0~predev: visitation@1.0.0
6 silly lifecycle visitation@1.0.0~predev: no script for predev, continuing
7 info lifecycle visitation@1.0.0~dev: visitation@1.0.0
8 verbose lifecycle visitation@1.0.0~dev: unsafe-perm in lifecycle true
9 verbose lifecycle visitation@1.0.0~dev: PATH: F:\Users\cjh1\AppData\Roaming\npm\node_modules\cnpm\node_modules\npm\bin\node-gyp-bin;E:\desktop\cjhgit\invitation-h5\node_modules\.bin;F:\Program Files\Haskell\bin;G:\install\haskell\8.2.1\lib\extralibs\bin;G:\install\haskell\8.2.1\bin;F:\ProgramData\Oracle\Java\javapath;F:\Program Files (x86)\Intel\iCLS Client\;F:\Program Files\Intel\iCLS Client\;F:\Windows\system32;F:\Windows;F:\Windows\System32\Wbem;F:\Windows\System32\WindowsPowerShell\v1.0\;F:\Program Files\Intel\Intel(R) Management Engine Components\DAL;F:\Program Files\Intel\Intel(R) Management Engine Components\IPT;F:\Program Files (x86)\Intel\Intel(R) Management Engine Components\DAL;F:\Program Files (x86)\Intel\Intel(R) Management Engine Components\IPT;F:\Program Files (x86)\Windows Kits\8.1\Windows Performance Toolkit\;F:\Program Files\Microsoft SQL Server\110\Tools\Binn\;F:\Program Files (x86)\Microsoft SDKs\TypeScript\1.0;F:\Python27;F:\NDK;F:\Program Files (x86)\MySQL\MySQL Utilities 1.3.5\;F:\Program Files (x86)\MySQL\MySQL Workbench CE 6.0.8;F:\Program Files\TortoiseSVN\bin;F:\WINDOWS\system32;F:\WINDOWS;F:\WINDOWS\System32\Wbem;F:\WINDOWS\System32\WindowsPowerShell\v1.0\;F:\ProgramData\ComposerSetup\bin;G:\install\nodejs\;G:\install\haskell\8.2.1\mingw\bin;G:\install\putty\;G:\install\ruby-2.4.2\Ruby24-x64\bin;F:\Users\cjh1\AppData\Roaming\cabal\bin;F:\Users\cjh1\AppData\Roaming\local\bin;G:\install\python-3.6.2\Scripts\;G:\install\python-3.6.2\;G:\install\rubyinstaller\Ruby22-x64\bin;G:\cocos2d-x-3.2alpha0\tools\cocos2d-console\bin;F:\cocos2d-x-2.2.4;F:\apache-ant-1.9.4\bin;F:\NDK;G:\安卓软件\123\adt-bundle-windows-x86-20140321\sdk\tools;G:\安卓软件\123\adt-bundle-windows-x86-20140321\sdk\platform-tools;F:\maven\bin;G:\install\git\Git\bin;G:\install\git\Git\cmd;G:\install\php-7.1.6;G:\install\php-7.1.6\ext;F:\Users\cjh1\AppData\Local\Microsoft\WindowsApps;F:\Users\cjh1\AppData\Local\atom\bin;F:\Users\cjh1\AppData\Roaming\Composer\vendor\bin;F:\Users\cjh1\AppData\Roaming\npm
10 verbose lifecycle visitation@1.0.0~dev: CWD: E:\desktop\cjhgit\invitation-h5
11 silly lifecycle visitation@1.0.0~dev: Args: [ '/d /s /c', 'gulp dev' ]
12 silly lifecycle visitation@1.0.0~dev: Returned: code: 1  signal: null
13 info lifecycle visitation@1.0.0~dev: Failed to exec dev script
14 verbose stack Error: visitation@1.0.0 dev: `gulp dev`
14 verbose stack Exit status 1
14 verbose stack     at EventEmitter.<anonymous> (F:\Users\cjh1\AppData\Roaming\npm\node_modules\cnpm\node_modules\npm\lib\utils\lifecycle.js:255:16)
14 verbose stack     at emitTwo (events.js:125:13)
14 verbose stack     at EventEmitter.emit (events.js:213:7)
14 verbose stack     at ChildProcess.<anonymous> (F:\Users\cjh1\AppData\Roaming\npm\node_modules\cnpm\node_modules\npm\lib\utils\spawn.js:40:14)
14 verbose stack     at emitTwo (events.js:125:13)
14 verbose stack     at ChildProcess.emit (events.js:213:7)
14 verbose stack     at maybeClose (internal/child_process.js:897:16)
14 verbose stack     at Process.ChildProcess._handle.onexit (internal/child_process.js:208:5)
15 verbose pkgid visitation@1.0.0
16 verbose cwd E:\desktop\cjhgit\invitation-h5
17 error Windows_NT 10.0.14393
18 error argv "G:\\install\\nodejs\\node.exe" "F:\\Users\\cjh1\\AppData\\Roaming\\npm\\node_modules\\cnpm\\node_modules\\npm\\bin\\npm-cli.js" "--userconfig=F:\\Users\\cjh1\\.cnpmrc" "--disturl=https://npm.taobao.org/mirrors/node" "--registry=https://registry.npm.taobao.org" "run" "dev"
19 error node v8.1.2
20 error npm  v3.10.10
21 error code ELIFECYCLE
22 error visitation@1.0.0 dev: `gulp dev`
22 error Exit status 1
23 error Failed at the visitation@1.0.0 dev script 'gulp dev'.
23 error Make sure you have the latest version of node.js and npm installed.
23 error If you do, this is most likely a problem with the visitation package,
23 error not with npm itself.
23 error Tell the author that this fails on your system:
23 error     gulp dev
23 error You can get information on how to open an issue for this project with:
23 error     npm bugs visitation
23 error Or if that isn't available, you can get their info via:
23 error     npm owner ls visitation
23 error There is likely additional logging output above.
24 verbose exit [ 1, true ]
